@!@!@STARTMSG 2262:0 @!@!@
TLC2 Version 2.20 of Day Month 20?? (rev: 4570af4)
@!@!@ENDMSG 2262 @!@!@
@!@!@STARTMSG 2187:0 @!@!@
Running breadth-first search Model-Checking with fp 110 and seed 4760192727707605643 with 1 worker on 4 cores with 1733MB heap and 64MB offheap memory [pid: 402064] (Linux 6.13.6-arch1-1 amd64, Arch Linux 11.0.26 x86_64, MSBDiskFPSet, DiskStateQueue).
@!@!@ENDMSG 2187 @!@!@
@!@!@STARTMSG 2220:0 @!@!@
Starting SANY...
@!@!@ENDMSG 2220 @!@!@
Parsing file /home/lae/Documents/Work/N7/2A/SysTrans/TP/TP4/vchan_model1.tla
Parsing file /home/lae/Documents/Work/N7/2A/SysTrans/TP/TP4/vchan.tla
Parsing file /tmp/tlc-9005604733077255004/Naturals.tla (jar:file:/home/lae/.vscode-oss/extensions/alygin.vscode-tlaplus-nightly-2024.8.1506-universal/tools/tla2tools.jar!/tla2sany/StandardModules/Naturals.tla)
Parsing file /tmp/tlc-9005604733077255004/Sequences.tla (jar:file:/home/lae/.vscode-oss/extensions/alygin.vscode-tlaplus-nightly-2024.8.1506-universal/tools/tla2tools.jar!/tla2sany/StandardModules/Sequences.tla)
Parsing file /tmp/tlc-9005604733077255004/FiniteSets.tla (jar:file:/home/lae/.vscode-oss/extensions/alygin.vscode-tlaplus-nightly-2024.8.1506-universal/tools/tla2tools.jar!/tla2sany/StandardModules/FiniteSets.tla)
Semantic processing of module Naturals
Semantic processing of module Sequences
Semantic processing of module FiniteSets
Semantic processing of module vchan
Semantic processing of module vchan_model1
@!@!@STARTMSG 2219:0 @!@!@
SANY finished.
@!@!@ENDMSG 2219 @!@!@
@!@!@STARTMSG 2185:0 @!@!@
Starting... (2025-03-18 11:57:04)
@!@!@ENDMSG 2185 @!@!@
@!@!@STARTMSG 2212:0 @!@!@
Implied-temporal checking--satisfiability problem has 8 branches.
@!@!@ENDMSG 2212 @!@!@
@!@!@STARTMSG 2189:0 @!@!@
Computing initial states...
@!@!@ENDMSG 2189 @!@!@
@!@!@STARTMSG 2190:0 @!@!@
Finished computing initial states: 1 distinct state generated at 2025-03-18 11:57:05.
@!@!@ENDMSG 2190 @!@!@
@!@!@STARTMSG 2200:0 @!@!@
Progress(14) at 2025-03-18 11:57:05: 989 states generated, 200 distinct states found, 0 states left on queue.
@!@!@ENDMSG 2200 @!@!@
@!@!@STARTMSG 2192:0 @!@!@
Checking 8 branches of temporal properties for the complete state space with 1600 total distinct states at (2025-03-18 11:57:05)
@!@!@ENDMSG 2192 @!@!@
@!@!@STARTMSG 2116:1 @!@!@
Temporal properties were violated.

@!@!@ENDMSG 2116 @!@!@
@!@!@STARTMSG 2264:1 @!@!@
The following behavior constitutes a counter-example:

@!@!@ENDMSG 2264 @!@!@
@!@!@STARTMSG 2217:4 @!@!@
1: <Initial predicate>
/\ msg = <<>>
/\ NotifyRead = FALSE
/\ Buffer = <<>>
/\ SenderIT = FALSE
/\ Got = <<>>
/\ NotifyWrite = FALSE
/\ Sent = <<>>
/\ ReceiverState = "Idle"
/\ SenderState = "Idle"
/\ ReceiverLive = TRUE
/\ SenderLive = TRUE
/\ ReceiverIT = FALSE

@!@!@ENDMSG 2217 @!@!@
@!@!@STARTMSG 2217:4 @!@!@
2: <ReceiverIdle1 line 187, col 18 to line 193, col 131 of module vchan>
/\ msg = <<>>
/\ NotifyRead = FALSE
/\ Buffer = <<>>
/\ SenderIT = FALSE
/\ Got = <<>>
/\ NotifyWrite = TRUE
/\ Sent = <<>>
/\ ReceiverState = "Blocked"
/\ SenderState = "Idle"
/\ ReceiverLive = TRUE
/\ SenderLive = TRUE
/\ ReceiverIT = FALSE

@!@!@ENDMSG 2217 @!@!@
@!@!@STARTMSG 2217:4 @!@!@
3: <SenderIdle2 line 112, col 16 to line 118, col 133 of module vchan>
/\ msg = <<1>>
/\ NotifyRead = FALSE
/\ Buffer = <<>>
/\ SenderIT = FALSE
/\ Got = <<>>
/\ NotifyWrite = TRUE
/\ Sent = <<1>>
/\ ReceiverState = "Blocked"
/\ SenderState = "Writing"
/\ ReceiverLive = TRUE
/\ SenderLive = TRUE
/\ ReceiverIT = FALSE

@!@!@ENDMSG 2217 @!@!@
@!@!@STARTMSG 2217:4 @!@!@
4: <SenderWrite1 line 121, col 17 to line 128, col 132 of module vchan>
/\ msg = <<>>
/\ NotifyRead = FALSE
/\ Buffer = <<1>>
/\ SenderIT = FALSE
/\ Got = <<>>
/\ NotifyWrite = TRUE
/\ Sent = <<1>>
/\ ReceiverState = "Blocked"
/\ SenderState = "AfterWriting"
/\ ReceiverLive = TRUE
/\ SenderLive = TRUE
/\ ReceiverIT = FALSE

@!@!@ENDMSG 2217 @!@!@
@!@!@STARTMSG 2217:4 @!@!@
5: <SenderWriteNext1 line 140, col 21 to line 146, col 126 of module vchan>
/\ msg = <<>>
/\ NotifyRead = FALSE
/\ Buffer = <<1>>
/\ SenderIT = TRUE
/\ Got = <<>>
/\ NotifyWrite = FALSE
/\ Sent = <<1>>
/\ ReceiverState = "Blocked"
/\ SenderState = "Idle"
/\ ReceiverLive = TRUE
/\ SenderLive = TRUE
/\ ReceiverIT = FALSE

@!@!@ENDMSG 2217 @!@!@
@!@!@STARTMSG 2217:4 @!@!@
6: <SenderIdle2 line 112, col 16 to line 118, col 133 of module vchan>
/\ msg = <<2, 3>>
/\ NotifyRead = FALSE
/\ Buffer = <<1>>
/\ SenderIT = TRUE
/\ Got = <<>>
/\ NotifyWrite = FALSE
/\ Sent = <<1, 2, 3>>
/\ ReceiverState = "Blocked"
/\ SenderState = "Writing"
/\ ReceiverLive = TRUE
/\ SenderLive = TRUE
/\ ReceiverIT = FALSE

@!@!@ENDMSG 2217 @!@!@
@!@!@STARTMSG 2217:4 @!@!@
7: <SenderWrite1 line 121, col 17 to line 128, col 132 of module vchan>
/\ msg = <<3>>
/\ NotifyRead = FALSE
/\ Buffer = <<1, 2>>
/\ SenderIT = TRUE
/\ Got = <<>>
/\ NotifyWrite = FALSE
/\ Sent = <<1, 2, 3>>
/\ ReceiverState = "Blocked"
/\ SenderState = "AfterWriting"
/\ ReceiverLive = TRUE
/\ SenderLive = TRUE
/\ ReceiverIT = FALSE

@!@!@ENDMSG 2217 @!@!@
@!@!@STARTMSG 2217:4 @!@!@
8: <SenderWriteNext2 line 149, col 21 to line 155, col 126 of module vchan>
/\ msg = <<3>>
/\ NotifyRead = FALSE
/\ Buffer = <<1, 2>>
/\ SenderIT = FALSE
/\ Got = <<>>
/\ NotifyWrite = FALSE
/\ Sent = <<1, 2, 3>>
/\ ReceiverState = "Blocked"
/\ SenderState = "Blocked"
/\ ReceiverLive = TRUE
/\ SenderLive = TRUE
/\ ReceiverIT = FALSE

@!@!@ENDMSG 2217 @!@!@
@!@!@STARTMSG 2218:4 @!@!@
9: Stuttering
@!@!@ENDMSG 2218 @!@!@
@!@!@STARTMSG 2267:0 @!@!@
Finished checking temporal properties in 00s at 2025-03-18 11:57:06
@!@!@ENDMSG 2267 @!@!@
@!@!@STARTMSG 2201:0 @!@!@
The coverage statistics at 2025-03-18 11:57:06
@!@!@ENDMSG 2201 @!@!@
@!@!@STARTMSG 2773:0 @!@!@
<Init line 88, col 1 to line 88, col 4 of module vchan>: 2:2
@!@!@ENDMSG 2773 @!@!@
@!@!@STARTMSG 2221:0 @!@!@
  line 88, col 9 to line 99, col 27 of module vchan: 2
@!@!@ENDMSG 2221 @!@!@
@!@!@STARTMSG 2772:0 @!@!@
<SenderIdle1 line 105, col 1 to line 105, col 11 of module vchan>: 0:0
@!@!@ENDMSG 2772 @!@!@
@!@!@STARTMSG 2221:0 @!@!@
  line 106, col 19 to line 106, col 36 of module vchan: 227
@!@!@ENDMSG 2221 @!@!@
@!@!@STARTMSG 2221:0 @!@!@
  line 107, col 19 to line 107, col 31 of module vchan: 58
@!@!@ENDMSG 2221 @!@!@
@!@!@STARTMSG 2221:0 @!@!@
  line 108, col 19 to line 108, col 37 of module vchan: 0
@!@!@ENDMSG 2221 @!@!@
@!@!@STARTMSG 2221:0 @!@!@
  line 109, col 19 to line 109, col 144 of module vchan: 0
@!@!@ENDMSG 2221 @!@!@
@!@!@STARTMSG 2772:0 @!@!@
<SenderIdle2 line 112, col 1 to line 112, col 11 of module vchan>: 14:116
@!@!@ENDMSG 2772 @!@!@
@!@!@STARTMSG 2221:0 @!@!@
  line 112, col 19 to line 112, col 28 of module vchan: 58
@!@!@ENDMSG 2221 @!@!@
@!@!@STARTMSG 2221:0 @!@!@
  line 113, col 19 to line 113, col 36 of module vchan: 285
@!@!@ENDMSG 2221 @!@!@
@!@!@STARTMSG 2221:0 @!@!@
  |line 113, col 19 to line 113, col 29 of module vchan: 227
@!@!@ENDMSG 2221 @!@!@
@!@!@STARTMSG 2221:0 @!@!@
  |line 113, col 33 to line 113, col 36 of module vchan: 227
@!@!@ENDMSG 2221 @!@!@
@!@!@STARTMSG 2221:0 @!@!@
  line 115, col 22 to line 116, col 41 of module vchan: 116
@!@!@ENDMSG 2221 @!@!@
@!@!@STARTMSG 2221:0 @!@!@
  line 114, col 28 to line 114, col 43 of module vchan: 58
@!@!@ENDMSG 2221 @!@!@
@!@!@STARTMSG 2775:0 @!@!@
  |line 80, col 13 to line 80, col 63 of module vchan: 58:174
@!@!@ENDMSG 2775 @!@!@
@!@!@STARTMSG 2775:0 @!@!@
  ||line 80, col 15 to line 80, col 46 of module vchan: 116:174
@!@!@ENDMSG 2775 @!@!@
@!@!@STARTMSG 2221:0 @!@!@
  |||line 80, col 23 to line 80, col 26 of module vchan: 116
@!@!@ENDMSG 2221 @!@!@
@!@!@STARTMSG 2221:0 @!@!@
  ||line 80, col 56 to line 80, col 61 of module vchan: 58
@!@!@ENDMSG 2221 @!@!@
@!@!@STARTMSG 2221:0 @!@!@
  |line 114, col 32 to line 114, col 42 of module vchan: 58
@!@!@ENDMSG 2221 @!@!@
@!@!@STARTMSG 2221:0 @!@!@
  line 117, col 19 to line 117, col 40 of module vchan: 116
@!@!@ENDMSG 2221 @!@!@
@!@!@STARTMSG 2221:0 @!@!@
  line 118, col 19 to line 118, col 133 of module vchan: 116
@!@!@ENDMSG 2221 @!@!@
@!@!@STARTMSG 2772:0 @!@!@
<SenderWrite1 line 121, col 1 to line 121, col 12 of module vchan>: 20:42
@!@!@ENDMSG 2772 @!@!@
@!@!@STARTMSG 2221:0 @!@!@
  line 121, col 20 to line 121, col 29 of module vchan: 34
@!@!@ENDMSG 2221 @!@!@
@!@!@STARTMSG 2221:0 @!@!@
  line 122, col 20 to line 122, col 40 of module vchan: 259
@!@!@ENDMSG 2221 @!@!@
@!@!@STARTMSG 2221:0 @!@!@
  |line 122, col 20 to line 122, col 30 of module vchan: 225
@!@!@ENDMSG 2221 @!@!@
@!@!@STARTMSG 2221:0 @!@!@
  |line 122, col 34 to line 122, col 40 of module vchan: 225
@!@!@ENDMSG 2221 @!@!@
@!@!@STARTMSG 2221:0 @!@!@
  line 123, col 20 to line 123, col 46 of module vchan: 34
@!@!@ENDMSG 2221 @!@!@
@!@!@STARTMSG 2221:0 @!@!@
  |line 123, col 35 to line 123, col 46 of module vchan: 38
@!@!@ENDMSG 2221 @!@!@
@!@!@STARTMSG 2221:0 @!@!@
  line 125, col 24 to line 125, col 52 of module vchan: 42
@!@!@ENDMSG 2221 @!@!@
@!@!@STARTMSG 2221:0 @!@!@
  |line 125, col 24 to line 125, col 38 of module vchan: 50
@!@!@ENDMSG 2221 @!@!@
@!@!@STARTMSG 2221:0 @!@!@
  |line 125, col 43 to line 125, col 52 of module vchan: 50
@!@!@ENDMSG 2221 @!@!@
@!@!@STARTMSG 2221:0 @!@!@
  line 126, col 24 to line 126, col 42 of module vchan: 42
@!@!@ENDMSG 2221 @!@!@
@!@!@STARTMSG 2221:0 @!@!@
  line 127, col 24 to line 127, col 54 of module vchan: 42
@!@!@ENDMSG 2221 @!@!@
@!@!@STARTMSG 2221:0 @!@!@
  line 124, col 29 to line 124, col 56 of module vchan: 38
@!@!@ENDMSG 2221 @!@!@
@!@!@STARTMSG 2221:0 @!@!@
  |line 124, col 32 to line 124, col 56 of module vchan: 38
@!@!@ENDMSG 2221 @!@!@
@!@!@STARTMSG 2221:0 @!@!@
  ||line 31, col 14 to line 31, col 35 of module vchan: 38
@!@!@ENDMSG 2221 @!@!@
@!@!@STARTMSG 2221:0 @!@!@
  |||line 31, col 17 to line 31, col 21 of module vchan: 38
@!@!@ENDMSG 2221 @!@!@
@!@!@STARTMSG 2221:0 @!@!@
  |||line 31, col 28 to line 31, col 28 of module vchan: 26
@!@!@ENDMSG 2221 @!@!@
@!@!@STARTMSG 2221:0 @!@!@
  |||line 31, col 35 to line 31, col 35 of module vchan: 12
@!@!@ENDMSG 2221 @!@!@
@!@!@STARTMSG 2221:0 @!@!@
  ||line 124, col 36 to line 124, col 43 of module vchan: 38
@!@!@ENDMSG 2221 @!@!@
@!@!@STARTMSG 2221:0 @!@!@
  ||line 124, col 45 to line 124, col 55 of module vchan: 38
@!@!@ENDMSG 2221 @!@!@
@!@!@STARTMSG 2221:0 @!@!@
  line 128, col 20 to line 128, col 132 of module vchan: 42
@!@!@ENDMSG 2221 @!@!@
@!@!@STARTMSG 2772:0 @!@!@
<SenderWrite2 line 132, col 1 to line 132, col 12 of module vchan>: 3:4
@!@!@ENDMSG 2772 @!@!@
@!@!@STARTMSG 2221:0 @!@!@
  line 132, col 20 to line 132, col 29 of module vchan: 4
@!@!@ENDMSG 2221 @!@!@
@!@!@STARTMSG 2221:0 @!@!@
  line 133, col 20 to line 133, col 40 of module vchan: 227
@!@!@ENDMSG 2221 @!@!@
@!@!@STARTMSG 2221:0 @!@!@
  |line 133, col 20 to line 133, col 30 of module vchan: 223
@!@!@ENDMSG 2221 @!@!@
@!@!@STARTMSG 2221:0 @!@!@
  |line 133, col 34 to line 133, col 40 of module vchan: 223
@!@!@ENDMSG 2221 @!@!@
@!@!@STARTMSG 2221:0 @!@!@
  line 134, col 20 to line 134, col 41 of module vchan: 4
@!@!@ENDMSG 2221 @!@!@
@!@!@STARTMSG 2221:0 @!@!@
  |line 134, col 35 to line 134, col 41 of module vchan: 36
@!@!@ENDMSG 2221 @!@!@
@!@!@STARTMSG 2221:0 @!@!@
  line 135, col 20 to line 135, col 37 of module vchan: 4
@!@!@ENDMSG 2221 @!@!@
@!@!@STARTMSG 2221:0 @!@!@
  |line 135, col 34 to line 135, col 37 of module vchan: 36
@!@!@ENDMSG 2221 @!@!@
@!@!@STARTMSG 2221:0 @!@!@
  line 136, col 20 to line 136, col 44 of module vchan: 4
@!@!@ENDMSG 2221 @!@!@
@!@!@STARTMSG 2221:0 @!@!@
  |line 136, col 20 to line 136, col 30 of module vchan: 36
@!@!@ENDMSG 2221 @!@!@
@!@!@STARTMSG 2221:0 @!@!@
  |line 136, col 35 to line 136, col 44 of module vchan: 36
@!@!@ENDMSG 2221 @!@!@
@!@!@STARTMSG 2221:0 @!@!@
  line 137, col 20 to line 137, col 133 of module vchan: 4
@!@!@ENDMSG 2221 @!@!@
@!@!@STARTMSG 2772:0 @!@!@
<SenderWriteNext1 line 140, col 1 to line 140, col 16 of module vchan>: 16:39
@!@!@ENDMSG 2772 @!@!@
@!@!@STARTMSG 2221:0 @!@!@
  line 140, col 24 to line 140, col 33 of module vchan: 39
@!@!@ENDMSG 2221 @!@!@
@!@!@STARTMSG 2221:0 @!@!@
  line 141, col 24 to line 141, col 49 of module vchan: 262
@!@!@ENDMSG 2221 @!@!@
@!@!@STARTMSG 2221:0 @!@!@
  |line 141, col 24 to line 141, col 34 of module vchan: 223
@!@!@ENDMSG 2221 @!@!@
@!@!@STARTMSG 2221:0 @!@!@
  |line 141, col 38 to line 141, col 49 of module vchan: 223
@!@!@ENDMSG 2221 @!@!@
@!@!@STARTMSG 2221:0 @!@!@
  line 142, col 24 to line 142, col 42 of module vchan: 39
@!@!@ENDMSG 2221 @!@!@
@!@!@STARTMSG 2221:0 @!@!@
  |line 142, col 39 to line 142, col 42 of module vchan: 59
@!@!@ENDMSG 2221 @!@!@
@!@!@STARTMSG 2221:0 @!@!@
  line 143, col 24 to line 143, col 46 of module vchan: 39
@!@!@ENDMSG 2221 @!@!@
@!@!@STARTMSG 2221:0 @!@!@
  |line 143, col 36 to line 143, col 46 of module vchan: 59
@!@!@ENDMSG 2221 @!@!@
@!@!@STARTMSG 2221:0 @!@!@
  line 144, col 24 to line 144, col 43 of module vchan: 39
@!@!@ENDMSG 2221 @!@!@
@!@!@STARTMSG 2221:0 @!@!@
  |line 144, col 39 to line 144, col 43 of module vchan: 59
@!@!@ENDMSG 2221 @!@!@
@!@!@STARTMSG 2221:0 @!@!@
  line 145, col 24 to line 145, col 36 of module vchan: 39
@!@!@ENDMSG 2221 @!@!@
@!@!@STARTMSG 2221:0 @!@!@
  |line 145, col 24 to line 145, col 31 of module vchan: 59
@!@!@ENDMSG 2221 @!@!@
@!@!@STARTMSG 2221:0 @!@!@
  line 146, col 24 to line 146, col 126 of module vchan: 39
@!@!@ENDMSG 2221 @!@!@
@!@!@STARTMSG 2772:0 @!@!@
<SenderWriteNext2 line 149, col 1 to line 149, col 16 of module vchan>: 24:58
@!@!@ENDMSG 2772 @!@!@
@!@!@STARTMSG 2221:0 @!@!@
  line 149, col 24 to line 149, col 33 of module vchan: 58
@!@!@ENDMSG 2221 @!@!@
@!@!@STARTMSG 2221:0 @!@!@
  line 150, col 24 to line 150, col 49 of module vchan: 280
@!@!@ENDMSG 2221 @!@!@
@!@!@STARTMSG 2221:0 @!@!@
  |line 150, col 24 to line 150, col 34 of module vchan: 222
@!@!@ENDMSG 2221 @!@!@
@!@!@STARTMSG 2221:0 @!@!@
  |line 150, col 38 to line 150, col 49 of module vchan: 222
@!@!@ENDMSG 2221 @!@!@
@!@!@STARTMSG 2221:0 @!@!@
  line 151, col 24 to line 151, col 45 of module vchan: 58
@!@!@ENDMSG 2221 @!@!@
@!@!@STARTMSG 2221:0 @!@!@
  line 152, col 24 to line 152, col 46 of module vchan: 58
@!@!@ENDMSG 2221 @!@!@
@!@!@STARTMSG 2221:0 @!@!@
  line 153, col 24 to line 153, col 43 of module vchan: 58
@!@!@ENDMSG 2221 @!@!@
@!@!@STARTMSG 2221:0 @!@!@
  line 154, col 24 to line 154, col 36 of module vchan: 58
@!@!@ENDMSG 2221 @!@!@
@!@!@STARTMSG 2221:0 @!@!@
  line 155, col 24 to line 155, col 126 of module vchan: 58
@!@!@ENDMSG 2221 @!@!@
@!@!@STARTMSG 2772:0 @!@!@
<SenderUnblock1 line 160, col 1 to line 160, col 14 of module vchan>: 0:6
@!@!@ENDMSG 2772 @!@!@
@!@!@STARTMSG 2221:0 @!@!@
  line 160, col 23 to line 160, col 32 of module vchan: 6
@!@!@ENDMSG 2221 @!@!@
@!@!@STARTMSG 2221:0 @!@!@
  line 161, col 23 to line 161, col 32 of module vchan: 6
@!@!@ENDMSG 2221 @!@!@
@!@!@STARTMSG 2221:0 @!@!@
  line 162, col 23 to line 162, col 41 of module vchan: 6
@!@!@ENDMSG 2221 @!@!@
@!@!@STARTMSG 2221:0 @!@!@
  line 163, col 23 to line 163, col 43 of module vchan: 12
@!@!@ENDMSG 2221 @!@!@
@!@!@STARTMSG 2221:0 @!@!@
  |line 163, col 23 to line 163, col 33 of module vchan: 6
@!@!@ENDMSG 2221 @!@!@
@!@!@STARTMSG 2221:0 @!@!@
  |line 163, col 37 to line 163, col 43 of module vchan: 6
@!@!@ENDMSG 2221 @!@!@
@!@!@STARTMSG 2221:0 @!@!@
  line 164, col 23 to line 164, col 44 of module vchan: 6
@!@!@ENDMSG 2221 @!@!@
@!@!@STARTMSG 2221:0 @!@!@
  line 165, col 23 to line 165, col 136 of module vchan: 6
@!@!@ENDMSG 2221 @!@!@
@!@!@STARTMSG 2772:0 @!@!@
<SenderUnblock2 line 171, col 1 to line 171, col 14 of module vchan>: 0:0
@!@!@ENDMSG 2772 @!@!@
@!@!@STARTMSG 2221:0 @!@!@
  line 171, col 23 to line 171, col 39 of module vchan: 221
@!@!@ENDMSG 2221 @!@!@
@!@!@STARTMSG 2221:0 @!@!@
  line 173, col 23 to line 173, col 41 of module vchan: 0
@!@!@ENDMSG 2221 @!@!@
@!@!@STARTMSG 2221:0 @!@!@
  line 175, col 23 to line 175, col 41 of module vchan: 0
@!@!@ENDMSG 2221 @!@!@
@!@!@STARTMSG 2221:0 @!@!@
  line 176, col 23 to line 176, col 148 of module vchan: 0
@!@!@ENDMSG 2221 @!@!@
@!@!@STARTMSG 2772:0 @!@!@
<SenderEnd line 180, col 1 to line 180, col 9 of module vchan>: 0:0
@!@!@ENDMSG 2772 @!@!@
@!@!@STARTMSG 2221:0 @!@!@
  line 180, col 17 to line 180, col 31 of module vchan: 221
@!@!@ENDMSG 2221 @!@!@
@!@!@STARTMSG 2221:0 @!@!@
  line 181, col 17 to line 181, col 35 of module vchan: 0
@!@!@ENDMSG 2221 @!@!@
@!@!@STARTMSG 2221:0 @!@!@
  line 182, col 17 to line 182, col 142 of module vchan: 0
@!@!@ENDMSG 2221 @!@!@
@!@!@STARTMSG 2772:0 @!@!@
<ReceiverIdle1 line 187, col 1 to line 187, col 13 of module vchan>: 20:21
@!@!@ENDMSG 2772 @!@!@
@!@!@STARTMSG 2221:0 @!@!@
  line 187, col 21 to line 187, col 32 of module vchan: 21
@!@!@ENDMSG 2221 @!@!@
@!@!@STARTMSG 2221:0 @!@!@
  line 188, col 21 to line 188, col 40 of module vchan: 242
@!@!@ENDMSG 2221 @!@!@
@!@!@STARTMSG 2221:0 @!@!@
  |line 188, col 21 to line 188, col 33 of module vchan: 221
@!@!@ENDMSG 2221 @!@!@
@!@!@STARTMSG 2221:0 @!@!@
  |line 188, col 37 to line 188, col 40 of module vchan: 221
@!@!@ENDMSG 2221 @!@!@
@!@!@STARTMSG 2221:0 @!@!@
  line 190, col 21 to line 190, col 35 of module vchan: 74
@!@!@ENDMSG 2221 @!@!@
@!@!@STARTMSG 2221:0 @!@!@
  |line 190, col 21 to line 190, col 31 of module vchan: 53
@!@!@ENDMSG 2221 @!@!@
@!@!@STARTMSG 2221:0 @!@!@
  line 191, col 21 to line 191, col 44 of module vchan: 21
@!@!@ENDMSG 2221 @!@!@
@!@!@STARTMSG 2221:0 @!@!@
  line 192, col 21 to line 192, col 39 of module vchan: 21
@!@!@ENDMSG 2221 @!@!@
@!@!@STARTMSG 2221:0 @!@!@
  line 193, col 21 to line 193, col 131 of module vchan: 21
@!@!@ENDMSG 2221 @!@!@
@!@!@STARTMSG 2772:0 @!@!@
<ReceiverIdle2 line 196, col 1 to line 196, col 13 of module vchan>: 47:52
@!@!@ENDMSG 2772 @!@!@
@!@!@STARTMSG 2221:0 @!@!@
  line 196, col 21 to line 196, col 32 of module vchan: 52
@!@!@ENDMSG 2221 @!@!@
@!@!@STARTMSG 2221:0 @!@!@
  line 197, col 21 to line 197, col 40 of module vchan: 272
@!@!@ENDMSG 2221 @!@!@
@!@!@STARTMSG 2221:0 @!@!@
  |line 197, col 21 to line 197, col 33 of module vchan: 220
@!@!@ENDMSG 2221 @!@!@
@!@!@STARTMSG 2221:0 @!@!@
  |line 197, col 37 to line 197, col 40 of module vchan: 220
@!@!@ENDMSG 2221 @!@!@
@!@!@STARTMSG 2221:0 @!@!@
  line 198, col 21 to line 198, col 44 of module vchan: 52
@!@!@ENDMSG 2221 @!@!@
@!@!@STARTMSG 2221:0 @!@!@
  line 199, col 21 to line 199, col 36 of module vchan: 52
@!@!@ENDMSG 2221 @!@!@
@!@!@STARTMSG 2221:0 @!@!@
  line 200, col 21 to line 200, col 144 of module vchan: 52
@!@!@ENDMSG 2221 @!@!@
@!@!@STARTMSG 2772:0 @!@!@
<ReceiverIdle3 line 204, col 1 to line 204, col 13 of module vchan>: 0:220
@!@!@ENDMSG 2772 @!@!@
@!@!@STARTMSG 2221:0 @!@!@
  line 204, col 18 to line 204, col 31 of module vchan: 220
@!@!@ENDMSG 2221 @!@!@
@!@!@STARTMSG 2772:0 @!@!@
<ReceiverRead line 207, col 1 to line 207, col 12 of module vchan>: 25:39
@!@!@ENDMSG 2772 @!@!@
@!@!@STARTMSG 2221:0 @!@!@
  line 207, col 21 to line 207, col 32 of module vchan: 28
@!@!@ENDMSG 2221 @!@!@
@!@!@STARTMSG 2221:0 @!@!@
  line 208, col 21 to line 208, col 43 of module vchan: 248
@!@!@ENDMSG 2221 @!@!@
@!@!@STARTMSG 2221:0 @!@!@
  |line 208, col 21 to line 208, col 33 of module vchan: 220
@!@!@ENDMSG 2221 @!@!@
@!@!@STARTMSG 2221:0 @!@!@
  |line 208, col 37 to line 208, col 43 of module vchan: 220
@!@!@ENDMSG 2221 @!@!@
@!@!@STARTMSG 2221:0 @!@!@
  line 209, col 21 to line 209, col 49 of module vchan: 28
@!@!@ENDMSG 2221 @!@!@
@!@!@STARTMSG 2221:0 @!@!@
  |line 209, col 38 to line 209, col 49 of module vchan: 48
@!@!@ENDMSG 2221 @!@!@
@!@!@STARTMSG 2221:0 @!@!@
  line 211, col 21 to line 213, col 47 of module vchan: 39
@!@!@ENDMSG 2221 @!@!@
@!@!@STARTMSG 2221:0 @!@!@
  line 210, col 30 to line 210, col 59 of module vchan: 48
@!@!@ENDMSG 2221 @!@!@
@!@!@STARTMSG 2221:0 @!@!@
  |line 210, col 33 to line 210, col 59 of module vchan: 48
@!@!@ENDMSG 2221 @!@!@
@!@!@STARTMSG 2221:0 @!@!@
  ||line 31, col 14 to line 31, col 35 of module vchan: 48
@!@!@ENDMSG 2221 @!@!@
@!@!@STARTMSG 2221:0 @!@!@
  |||line 31, col 17 to line 31, col 21 of module vchan: 48
@!@!@ENDMSG 2221 @!@!@
@!@!@STARTMSG 2221:0 @!@!@
  |||line 31, col 28 to line 31, col 28 of module vchan: 37
@!@!@ENDMSG 2221 @!@!@
@!@!@STARTMSG 2221:0 @!@!@
  |||line 31, col 35 to line 31, col 35 of module vchan: 11
@!@!@ENDMSG 2221 @!@!@
@!@!@STARTMSG 2221:0 @!@!@
  ||line 210, col 37 to line 210, col 47 of module vchan: 48
@!@!@ENDMSG 2221 @!@!@
@!@!@STARTMSG 2221:0 @!@!@
  ||line 210, col 49 to line 210, col 58 of module vchan: 48
@!@!@ENDMSG 2221 @!@!@
@!@!@STARTMSG 2221:0 @!@!@
  line 214, col 21 to line 214, col 131 of module vchan: 39
@!@!@ENDMSG 2221 @!@!@
@!@!@STARTMSG 2772:0 @!@!@
<ReceiverReadNext line 217, col 1 to line 217, col 16 of module vchan>: 30:33
@!@!@ENDMSG 2772 @!@!@
@!@!@STARTMSG 2221:0 @!@!@
  line 217, col 24 to line 217, col 35 of module vchan: 33
@!@!@ENDMSG 2221 @!@!@
@!@!@STARTMSG 2221:0 @!@!@
  line 218, col 24 to line 218, col 51 of module vchan: 253
@!@!@ENDMSG 2221 @!@!@
@!@!@STARTMSG 2221:0 @!@!@
  |line 218, col 24 to line 218, col 36 of module vchan: 220
@!@!@ENDMSG 2221 @!@!@
@!@!@STARTMSG 2221:0 @!@!@
  |line 218, col 40 to line 218, col 51 of module vchan: 220
@!@!@ENDMSG 2221 @!@!@
@!@!@STARTMSG 2221:0 @!@!@
  line 219, col 24 to line 219, col 44 of module vchan: 33
@!@!@ENDMSG 2221 @!@!@
@!@!@STARTMSG 2221:0 @!@!@
  line 220, col 24 to line 220, col 47 of module vchan: 33
@!@!@ENDMSG 2221 @!@!@
@!@!@STARTMSG 2221:0 @!@!@
  line 221, col 24 to line 221, col 42 of module vchan: 33
@!@!@ENDMSG 2221 @!@!@
@!@!@STARTMSG 2221:0 @!@!@
  line 222, col 24 to line 222, col 123 of module vchan: 33
@!@!@ENDMSG 2221 @!@!@
@!@!@STARTMSG 2772:0 @!@!@
<ReceiverUnblock line 227, col 1 to line 227, col 15 of module vchan>: 0:40
@!@!@ENDMSG 2772 @!@!@
@!@!@STARTMSG 2221:0 @!@!@
  line 227, col 23 to line 227, col 34 of module vchan: 40
@!@!@ENDMSG 2221 @!@!@
@!@!@STARTMSG 2221:0 @!@!@
  line 228, col 23 to line 228, col 30 of module vchan: 40
@!@!@ENDMSG 2221 @!@!@
@!@!@STARTMSG 2221:0 @!@!@
  line 229, col 23 to line 229, col 39 of module vchan: 40
@!@!@ENDMSG 2221 @!@!@
@!@!@STARTMSG 2221:0 @!@!@
  line 230, col 23 to line 230, col 45 of module vchan: 80
@!@!@ENDMSG 2221 @!@!@
@!@!@STARTMSG 2221:0 @!@!@
  |line 230, col 23 to line 230, col 35 of module vchan: 40
@!@!@ENDMSG 2221 @!@!@
@!@!@STARTMSG 2221:0 @!@!@
  |line 230, col 39 to line 230, col 45 of module vchan: 40
@!@!@ENDMSG 2221 @!@!@
@!@!@STARTMSG 2221:0 @!@!@
  line 231, col 23 to line 231, col 43 of module vchan: 40
@!@!@ENDMSG 2221 @!@!@
@!@!@STARTMSG 2221:0 @!@!@
  line 232, col 23 to line 232, col 136 of module vchan: 40
@!@!@ENDMSG 2221 @!@!@
@!@!@STARTMSG 2772:0 @!@!@
<ReceiverEnd line 236, col 1 to line 236, col 11 of module vchan>: 0:0
@!@!@ENDMSG 2772 @!@!@
@!@!@STARTMSG 2221:0 @!@!@
  line 236, col 19 to line 236, col 35 of module vchan: 220
@!@!@ENDMSG 2221 @!@!@
@!@!@STARTMSG 2221:0 @!@!@
  line 237, col 19 to line 237, col 157 of module vchan: 0
@!@!@ENDMSG 2221 @!@!@
@!@!@STARTMSG 2772:0 @!@!@
<SenderClose line 245, col 1 to line 245, col 11 of module vchan>: 0:220
@!@!@ENDMSG 2772 @!@!@
@!@!@STARTMSG 2221:0 @!@!@
  line 245, col 16 to line 245, col 29 of module vchan: 220
@!@!@ENDMSG 2221 @!@!@
@!@!@STARTMSG 2772:0 @!@!@
<ReceiverClose line 248, col 1 to line 248, col 13 of module vchan>: 0:220
@!@!@ENDMSG 2772 @!@!@
@!@!@STARTMSG 2221:0 @!@!@
  line 248, col 18 to line 248, col 31 of module vchan: 220
@!@!@ENDMSG 2221 @!@!@
@!@!@STARTMSG 2774:0 @!@!@
<TypeOk line 274, col 1 to line 274, col 6 of module vchan>
@!@!@ENDMSG 2774 @!@!@
@!@!@STARTMSG 2221:0 @!@!@
  line 275, col 3 to line 286, col 22 of module vchan: 244
@!@!@ENDMSG 2221 @!@!@
@!@!@STARTMSG 2774:0 @!@!@
<Integrity line 289, col 1 to line 289, col 9 of module vchan>
@!@!@ENDMSG 2774 @!@!@
@!@!@STARTMSG 2221:0 @!@!@
  line 289, col 15 to line 289, col 40 of module vchan: 244
@!@!@ENDMSG 2221 @!@!@
@!@!@STARTMSG 2778:0 @!@!@
<LenConstraint line 14, col 1 to line 14, col 13 of module vchan_model1>: 1036:1100
@!@!@ENDMSG 2778 @!@!@
@!@!@STARTMSG 2221:0 @!@!@
  line 14, col 18 to line 14, col 36 of module vchan_model1: 1100
@!@!@ENDMSG 2221 @!@!@
@!@!@STARTMSG 2202:0 @!@!@
End of statistics.
@!@!@ENDMSG 2202 @!@!@
@!@!@STARTMSG 2200:0 @!@!@
Progress(14) at 2025-03-18 11:57:06: 989 states generated (22,726 s/min), 200 distinct states found (4,595 ds/min), 0 states left on queue.
@!@!@ENDMSG 2200 @!@!@
@!@!@STARTMSG 2199:0 @!@!@
989 states generated, 200 distinct states found, 0 states left on queue.
@!@!@ENDMSG 2199 @!@!@
@!@!@STARTMSG 2194:0 @!@!@
The depth of the complete state graph search is 14.
@!@!@ENDMSG 2194 @!@!@
@!@!@STARTMSG 2186:0 @!@!@
Finished in 2622ms at (2025-03-18 11:57:06)
@!@!@ENDMSG 2186 @!@!@
