@!@!@STARTMSG 2262:0 @!@!@
TLC2 Version 2.20 of Day Month 20?? (rev: 4570af4)
@!@!@ENDMSG 2262 @!@!@
@!@!@STARTMSG 2187:0 @!@!@
Running breadth-first search Model-Checking with fp 15 and seed -4360026930782017892 with 1 worker on 4 cores with 1733MB heap and 64MB offheap memory [pid: 43984] (Linux 6.13.6-arch1-1 amd64, Arch Linux 11.0.26 x86_64, MSBDiskFPSet, DiskStateQueue).
@!@!@ENDMSG 2187 @!@!@
@!@!@STARTMSG 2220:0 @!@!@
Starting SANY...
@!@!@ENDMSG 2220 @!@!@
Parsing file /home/lae/Documents/Work/N7/2A/SysTrans/TP/TP3/philosophes0.tla
Parsing file /tmp/tlc-315863984591687233/Naturals.tla (jar:file:/home/lae/.vscode-oss/extensions/alygin.vscode-tlaplus-nightly-2024.8.1506-universal/tools/tla2tools.jar!/tla2sany/StandardModules/Naturals.tla)
Semantic processing of module Naturals
Semantic processing of module philosophes0
@!@!@STARTMSG 2219:0 @!@!@
SANY finished.
@!@!@ENDMSG 2219 @!@!@
@!@!@STARTMSG 2185:0 @!@!@
Starting... (2025-03-11 11:45:48)
@!@!@ENDMSG 2185 @!@!@
@!@!@STARTMSG 2212:0 @!@!@
Implied-temporal checking--satisfiability problem has 6 branches.
@!@!@ENDMSG 2212 @!@!@
@!@!@STARTMSG 2189:0 @!@!@
Computing initial states...
@!@!@ENDMSG 2189 @!@!@
@!@!@STARTMSG 2190:0 @!@!@
Finished computing initial states: 1 distinct state generated at 2025-03-11 11:45:49.
@!@!@ENDMSG 2190 @!@!@
@!@!@STARTMSG 2200:0 @!@!@
Progress(8) at 2025-03-11 11:45:50: 621 states generated, 152 distinct states found, 0 states left on queue.
@!@!@ENDMSG 2200 @!@!@
@!@!@STARTMSG 2192:0 @!@!@
Checking 6 branches of temporal properties for the complete state space with 912 total distinct states at (2025-03-11 11:45:50)
@!@!@ENDMSG 2192 @!@!@
@!@!@STARTMSG 2116:1 @!@!@
Temporal properties were violated.

@!@!@ENDMSG 2116 @!@!@
@!@!@STARTMSG 2264:1 @!@!@
The following behavior constitutes a counter-example:

@!@!@ENDMSG 2264 @!@!@
@!@!@STARTMSG 2217:4 @!@!@
1: <Initial predicate>
etat = (0 :> "T" @@ 1 :> "T" @@ 2 :> "T" @@ 3 :> "T" @@ 4 :> "T")

@!@!@ENDMSG 2217 @!@!@
@!@!@STARTMSG 2217:4 @!@!@
2: <demander(4) line 42, col 5 to line 43, col 44 of module philosophes0>
etat = (0 :> "T" @@ 1 :> "T" @@ 2 :> "T" @@ 3 :> "T" @@ 4 :> "H")

@!@!@ENDMSG 2217 @!@!@
@!@!@STARTMSG 2217:4 @!@!@
3: <manger(4) line 46, col 5 to line 49, col 44 of module philosophes0>
etat = (0 :> "T" @@ 1 :> "T" @@ 2 :> "T" @@ 3 :> "T" @@ 4 :> "E")

@!@!@ENDMSG 2217 @!@!@
@!@!@STARTMSG 2217:4 @!@!@
4: <demander(0) line 42, col 5 to line 43, col 44 of module philosophes0>
etat = (0 :> "H" @@ 1 :> "T" @@ 2 :> "T" @@ 3 :> "T" @@ 4 :> "E")

@!@!@ENDMSG 2217 @!@!@
@!@!@STARTMSG 2217:4 @!@!@
5: <demander(3) line 42, col 5 to line 43, col 44 of module philosophes0>
etat = (0 :> "H" @@ 1 :> "T" @@ 2 :> "T" @@ 3 :> "H" @@ 4 :> "E")

@!@!@ENDMSG 2217 @!@!@
@!@!@STARTMSG 2217:4 @!@!@
6: <demander(2) line 42, col 5 to line 43, col 44 of module philosophes0>
etat = (0 :> "H" @@ 1 :> "T" @@ 2 :> "H" @@ 3 :> "H" @@ 4 :> "E")

@!@!@ENDMSG 2217 @!@!@
@!@!@STARTMSG 2217:4 @!@!@
7: <demander(1) line 42, col 5 to line 43, col 44 of module philosophes0>
etat = (0 :> "H" @@ 1 :> "H" @@ 2 :> "H" @@ 3 :> "H" @@ 4 :> "E")

@!@!@ENDMSG 2217 @!@!@
@!@!@STARTMSG 2217:4 @!@!@
8: <manger(2) line 46, col 5 to line 49, col 44 of module philosophes0>
etat = (0 :> "H" @@ 1 :> "H" @@ 2 :> "E" @@ 3 :> "H" @@ 4 :> "E")

@!@!@ENDMSG 2217 @!@!@
@!@!@STARTMSG 2217:4 @!@!@
9: <penser(2) line 52, col 5 to line 53, col 46 of module philosophes0>
etat = (0 :> "H" @@ 1 :> "H" @@ 2 :> "T" @@ 3 :> "H" @@ 4 :> "E")

@!@!@ENDMSG 2217 @!@!@
@!@!@STARTMSG 2217:4 @!@!@
10: <manger(1) line 46, col 5 to line 49, col 44 of module philosophes0>
etat = (0 :> "H" @@ 1 :> "E" @@ 2 :> "T" @@ 3 :> "H" @@ 4 :> "E")

@!@!@ENDMSG 2217 @!@!@
@!@!@STARTMSG 2217:4 @!@!@
11: <penser(4) line 52, col 5 to line 53, col 46 of module philosophes0>
etat = (0 :> "H" @@ 1 :> "E" @@ 2 :> "T" @@ 3 :> "H" @@ 4 :> "T")

@!@!@ENDMSG 2217 @!@!@
@!@!@STARTMSG 2217:4 @!@!@
12: <demander(4) line 42, col 5 to line 43, col 44 of module philosophes0>
etat = (0 :> "H" @@ 1 :> "E" @@ 2 :> "T" @@ 3 :> "H" @@ 4 :> "H")

@!@!@ENDMSG 2217 @!@!@
@!@!@STARTMSG 2217:4 @!@!@
13: <manger(4) line 46, col 5 to line 49, col 44 of module philosophes0>
etat = (0 :> "H" @@ 1 :> "E" @@ 2 :> "T" @@ 3 :> "H" @@ 4 :> "E")

@!@!@ENDMSG 2217 @!@!@
@!@!@STARTMSG 2217:4 @!@!@
14: <penser(1) line 52, col 5 to line 53, col 46 of module philosophes0>
etat = (0 :> "H" @@ 1 :> "T" @@ 2 :> "T" @@ 3 :> "H" @@ 4 :> "E")

@!@!@ENDMSG 2217 @!@!@
@!@!@STARTMSG 2217:4 @!@!@
15: <demander(1) line 42, col 5 to line 43, col 44 of module philosophes0>
etat = (0 :> "H" @@ 1 :> "H" @@ 2 :> "T" @@ 3 :> "H" @@ 4 :> "E")

@!@!@ENDMSG 2217 @!@!@
@!@!@STARTMSG 2217:4 @!@!@
16: <demander(2) line 42, col 5 to line 43, col 44 of module philosophes0>
etat = (0 :> "H" @@ 1 :> "H" @@ 2 :> "H" @@ 3 :> "H" @@ 4 :> "E")

@!@!@ENDMSG 2217 @!@!@
@!@!@STARTMSG 2217:4 @!@!@
17: <manger(1) line 46, col 5 to line 49, col 44 of module philosophes0>
etat = (0 :> "H" @@ 1 :> "E" @@ 2 :> "H" @@ 3 :> "H" @@ 4 :> "E")

@!@!@ENDMSG 2217 @!@!@
@!@!@STARTMSG 2217:4 @!@!@
18: <penser(4) line 52, col 5 to line 53, col 46 of module philosophes0>
etat = (0 :> "H" @@ 1 :> "E" @@ 2 :> "H" @@ 3 :> "H" @@ 4 :> "T")

@!@!@ENDMSG 2217 @!@!@
@!@!@STARTMSG 2217:4 @!@!@
19: <manger(3) line 46, col 5 to line 49, col 44 of module philosophes0>
etat = (0 :> "H" @@ 1 :> "E" @@ 2 :> "H" @@ 3 :> "E" @@ 4 :> "T")

@!@!@ENDMSG 2217 @!@!@
@!@!@STARTMSG 2217:4 @!@!@
20: <penser(3) line 52, col 5 to line 53, col 46 of module philosophes0>
etat = (0 :> "H" @@ 1 :> "E" @@ 2 :> "H" @@ 3 :> "T" @@ 4 :> "T")

@!@!@ENDMSG 2217 @!@!@
@!@!@STARTMSG 2217:4 @!@!@
21: <demander(3) line 42, col 5 to line 43, col 44 of module philosophes0>
etat = (0 :> "H" @@ 1 :> "E" @@ 2 :> "H" @@ 3 :> "H" @@ 4 :> "T")

@!@!@ENDMSG 2217 @!@!@
@!@!@STARTMSG 2217:4 @!@!@
22: <demander(4) line 42, col 5 to line 43, col 44 of module philosophes0>
etat = (0 :> "H" @@ 1 :> "E" @@ 2 :> "H" @@ 3 :> "H" @@ 4 :> "H")

@!@!@ENDMSG 2217 @!@!@
@!@!@STARTMSG 2217:4 @!@!@
23: <manger(4) line 46, col 5 to line 49, col 44 of module philosophes0>
etat = (0 :> "H" @@ 1 :> "E" @@ 2 :> "H" @@ 3 :> "H" @@ 4 :> "E")

@!@!@ENDMSG 2217 @!@!@
@!@!@STARTMSG 2217:4 @!@!@
24: <penser(1) line 52, col 5 to line 53, col 46 of module philosophes0>
etat = (0 :> "H" @@ 1 :> "T" @@ 2 :> "H" @@ 3 :> "H" @@ 4 :> "E")

@!@!@ENDMSG 2217 @!@!@
@!@!@STARTMSG 2217:4 @!@!@
25: <manger(2) line 46, col 5 to line 49, col 44 of module philosophes0>
etat = (0 :> "H" @@ 1 :> "T" @@ 2 :> "E" @@ 3 :> "H" @@ 4 :> "E")

@!@!@ENDMSG 2217 @!@!@
@!@!@STARTMSG 2122:4 @!@!@
5: Back to state: <penser(2) line 52, col 5 to line 53, col 46 of module philosophes0>

@!@!@ENDMSG 2122 @!@!@
@!@!@STARTMSG 2267:0 @!@!@
Finished checking temporal properties in 00s at 2025-03-11 11:45:50
@!@!@ENDMSG 2267 @!@!@
@!@!@STARTMSG 2201:0 @!@!@
The coverage statistics at 2025-03-11 11:45:50
@!@!@ENDMSG 2201 @!@!@
@!@!@STARTMSG 2773:0 @!@!@
<Init line 37, col 1 to line 37, col 4 of module philosophes0>: 2:2
@!@!@ENDMSG 2773 @!@!@
@!@!@STARTMSG 2221:0 @!@!@
  line 38, col 8 to line 38, col 41 of module philosophes0: 2
@!@!@ENDMSG 2221 @!@!@
@!@!@STARTMSG 2775:0 @!@!@
  |line 38, col 15 to line 38, col 41 of module philosophes0: 2:10
@!@!@ENDMSG 2775 @!@!@
@!@!@STARTMSG 2221:0 @!@!@
  ||line 38, col 22 to line 38, col 27 of module philosophes0: 2
@!@!@ENDMSG 2221 @!@!@
@!@!@STARTMSG 2772:0 @!@!@
<demander line 41, col 1 to line 41, col 11 of module philosophes0>: 94:366
@!@!@ENDMSG 2772 @!@!@
@!@!@STARTMSG 2221:0 @!@!@
  line 42, col 8 to line 42, col 25 of module philosophes0: 1263
@!@!@ENDMSG 2221 @!@!@
@!@!@STARTMSG 2221:0 @!@!@
  |line 42, col 8 to line 42, col 14 of module philosophes0: 897
@!@!@ENDMSG 2221 @!@!@
@!@!@STARTMSG 2221:0 @!@!@
  |line 42, col 18 to line 42, col 25 of module philosophes0: 897
@!@!@ENDMSG 2221 @!@!@
@!@!@STARTMSG 2221:0 @!@!@
  line 43, col 8 to line 43, col 44 of module philosophes0: 366
@!@!@ENDMSG 2221 @!@!@
@!@!@STARTMSG 2772:0 @!@!@
<manger line 45, col 1 to line 45, col 9 of module philosophes0>: 57:184
@!@!@ENDMSG 2772 @!@!@
@!@!@STARTMSG 2221:0 @!@!@
  line 46, col 8 to line 46, col 23 of module philosophes0: 1071
@!@!@ENDMSG 2221 @!@!@
@!@!@STARTMSG 2221:0 @!@!@
  |line 46, col 8 to line 46, col 14 of module philosophes0: 887
@!@!@ENDMSG 2221 @!@!@
@!@!@STARTMSG 2221:0 @!@!@
  |line 46, col 18 to line 46, col 23 of module philosophes0: 887
@!@!@ENDMSG 2221 @!@!@
@!@!@STARTMSG 2221:0 @!@!@
  line 47, col 8 to line 47, col 31 of module philosophes0: 539
@!@!@ENDMSG 2221 @!@!@
@!@!@STARTMSG 2221:0 @!@!@
  |line 47, col 8 to line 47, col 22 of module philosophes0: 355
@!@!@ENDMSG 2221 @!@!@
@!@!@STARTMSG 2221:0 @!@!@
  |line 47, col 26 to line 47, col 31 of module philosophes0: 355
@!@!@ENDMSG 2221 @!@!@
@!@!@STARTMSG 2221:0 @!@!@
  line 48, col 8 to line 48, col 31 of module philosophes0: 444
@!@!@ENDMSG 2221 @!@!@
@!@!@STARTMSG 2221:0 @!@!@
  |line 48, col 8 to line 48, col 22 of module philosophes0: 260
@!@!@ENDMSG 2221 @!@!@
@!@!@STARTMSG 2221:0 @!@!@
  |line 48, col 26 to line 48, col 31 of module philosophes0: 260
@!@!@ENDMSG 2221 @!@!@
@!@!@STARTMSG 2221:0 @!@!@
  line 49, col 8 to line 49, col 44 of module philosophes0: 184
@!@!@ENDMSG 2221 @!@!@
@!@!@STARTMSG 2772:0 @!@!@
<penser line 51, col 1 to line 51, col 9 of module philosophes0>: 0:176
@!@!@ENDMSG 2772 @!@!@
@!@!@STARTMSG 2221:0 @!@!@
  line 52, col 8 to line 52, col 23 of module philosophes0: 1055
@!@!@ENDMSG 2221 @!@!@
@!@!@STARTMSG 2221:0 @!@!@
  |line 52, col 8 to line 52, col 14 of module philosophes0: 879
@!@!@ENDMSG 2221 @!@!@
@!@!@STARTMSG 2221:0 @!@!@
  |line 52, col 18 to line 52, col 23 of module philosophes0: 879
@!@!@ENDMSG 2221 @!@!@
@!@!@STARTMSG 2221:0 @!@!@
  line 53, col 8 to line 53, col 46 of module philosophes0: 176
@!@!@ENDMSG 2221 @!@!@
@!@!@STARTMSG 2774:0 @!@!@
<Action line 20, col 14 to line 20, col 63 of module philosophes0>
@!@!@ENDMSG 2774 @!@!@
@!@!@STARTMSG 2221:0 @!@!@
  line 20, col 14 to line 20, col 63 of module philosophes0: 152
@!@!@ENDMSG 2221 @!@!@
@!@!@STARTMSG 2202:0 @!@!@
End of statistics.
@!@!@ENDMSG 2202 @!@!@
@!@!@STARTMSG 2200:0 @!@!@
Progress(8) at 2025-03-11 11:45:50: 621 states generated (12,499 s/min), 152 distinct states found (3,059 ds/min), 0 states left on queue.
@!@!@ENDMSG 2200 @!@!@
@!@!@STARTMSG 2199:0 @!@!@
621 states generated, 152 distinct states found, 0 states left on queue.
@!@!@ENDMSG 2199 @!@!@
@!@!@STARTMSG 2194:0 @!@!@
The depth of the complete state graph search is 8.
@!@!@ENDMSG 2194 @!@!@
@!@!@STARTMSG 2186:0 @!@!@
Finished in 2992ms at (2025-03-11 11:45:50)
@!@!@ENDMSG 2186 @!@!@
